  INFO root [0x00006bb8] [2021-05-16 14:03:47,250] - 
  INFO root [0x00006bb8] [2021-05-16 14:03:47,251] - -----------------------------------------------------------------------------------------


  INFO root [0x00006bb8] [2021-05-16 14:03:47,252] - Resmgr::initialize: KBE_ROOT=D:/TheWorld/KBEngine/kbengine/
  INFO root [0x00006bb8] [2021-05-16 14:03:47,252] - Resmgr::initialize: KBE_RES_PATH=D:/TheWorld/KBEngine/kbengine/kbe/res/;D:/TheWorld/Client/TheWorld_Assets/;D:/TheWorld/Client/TheWorld_Assets/scripts/;D:/TheWorld/Client/TheWorld_Assets/res/
  INFO root [0x00006bb8] [2021-05-16 14:03:47,252] - Resmgr::initialize: KBE_BIN_PATH=D:/TheWorld/KBEngine/kbengine/kbe/bin/server/
  INFO root [0x00006bb8] [2021-05-16 14:03:47,259] - NetworkInterface::initialize(INTERNAL-TCP): bound to all interfaces with default route interface on 192.168.2.188 ( 192.168.2.188:64210 )
  INFO root [0x00006bb8] [2021-05-16 14:03:47,260] - NetworkInterface::initialize(INTERNAL-TCP): address 192.168.2.188:64210, SOMAXCONN=511.
  INFO root [0x00006bb8] [2021-05-16 14:03:47,260] - server-configs:
  INFO root [0x00006bb8] [2021-05-16 14:03:47,260] - 	gameUpdateHertz : 10
  INFO root [0x00006bb8] [2021-05-16 14:03:47,260] - 	defaultViewRadius : 80
  INFO root [0x00006bb8] [2021-05-16 14:03:47,260] - 	defaultViewHysteresisArea : 5
  INFO root [0x00006bb8] [2021-05-16 14:03:47,260] - 	entryScriptFile : kbemain
  INFO root [0x00006bb8] [2021-05-16 14:03:47,260] - 	internalTcpAddr : 192.168.2.188:64210
  INFO root [0x00006bb8] [2021-05-16 14:03:47,260] - 	componentID : 8001
  INFO root [0x00006bb8] [2021-05-16 14:03:47,345] - Components::findLogger: found logger, addr:192.168.2.188:64155
  INFO root [0x00006bb8] [2021-05-16 14:03:47,345] - Components::addComponent: reset orderLog, uid=48140!
  INFO root [0x00006bb8] [2021-05-16 14:03:47,346] - Components::addComponent[logger], uid=48140, componentID=2000, globalorderid=1, grouporderid=1, totalcount=1
  INFO root [0x00006bb8] [2021-05-16 14:03:47,351] - ---- cellapp Version: 2.5.10. ScriptVersion: 0.1.0. Pythoncore: 3.7.3. Protocol: C9FCABE153AC3D64A8F240810ADA666D. Config: Debug X64. Built: 12:09:28 May 16 2021. AppID: 8001. UID: 48140. PID: 16560 ----
  INFO root [0x00006bb8] [2021-05-16 14:03:47,352] - Server Riccardo: 11th Gen Intel(R) Core(TM) i5-11400F @ 2.60GHz with 16645500kB RAM
  INFO root [0x00006bb8] [2021-05-16 14:03:47,352] - ThreadPool::createThreadPool: creating  threadpool...
  INFO root [0x00006bb8] [2021-05-16 14:03:47,352] - ThreadPool::createThreadPool: successfully(2), newThreadCount=1, normalMaxThreadCount=2, maxThreadCount=8
  INFO root [0x00006bb8] [2021-05-16 14:03:47,544] - Script::install(): is successfully, Python=(3.7.3 (heads/master-dirty:5283b9b85, May 16 2021, 12:07:54) [MSC v.1928 64 bit (AMD64)])!
  INFO root [0x00006bb8] [2021-05-16 14:03:47,544] - Script::install(): KBExtra is successfully!
 DEBUG root [0x00006bb8] [2021-05-16 14:03:47,796] - loaded component-script:Test(3).
 DEBUG root [0x00006bb8] [2021-05-16 14:03:47,797] - loaded component-script:TestNoBase(4).
 DEBUG root [0x00006bb8] [2021-05-16 14:03:47,799] - loaded entity-script:Avatar(2).
 DEBUG root [0x00006bb8] [2021-05-16 14:03:47,800] - loaded entity-script:Monster(5).
 DEBUG root [0x00006bb8] [2021-05-16 14:03:47,800] - loaded entity-script:NPC(6).
 DEBUG root [0x00006bb8] [2021-05-16 14:03:47,800] - loaded entity-script:Gate(7).
 DEBUG root [0x00006bb8] [2021-05-16 14:03:47,801] - loaded entity-script:Space(9).
 DEBUG root [0x00006bb8] [2021-05-16 14:03:47,802] - loaded entity-script:SpaceDuplicate(10).
 DEBUG root [0x00006bb8] [2021-05-16 14:03:47,802] - loaded entity-script:SpawnPoint(11).
  INFO root [0x00006bb8] [2021-05-16 14:03:47,802] - TelnetServer server is running on port 50000
  INFO root [0x00006bb8] [2021-05-16 14:03:48,167] - ---- cellapp is running ----
 DEBUG root [0x00006bb8] [2021-05-16 14:03:48,168] - Components::process(): Request for the process of identity...
  WARN root [0x00006bb8] [2021-05-16 14:03:48,659] - BundleBroadcast::BundleBroadcast: Cannot bind to port 20620, errorno=10048
  WARN root [0x00006bb8] [2021-05-16 14:03:54,868] - Forwarding logs to logger[192.168.2.188:64155/0/0/0]...
 ERROR root [0x00006bb8] [2021-05-16 14:07:06,411] - Components::removeComponentByChannel: logger : 2000, Abnormal exit(reason=TCPPacketReceiver::processRecv(): error=10054
)! Channel(timestamp=3459514030505, lastReceivedTime=3459302605863, inactivityExceptionPeriod=599500000)
   OFF root [0x00006bb8] [2021-05-16 14:07:06,415] - The following logs sent to logger failed:
  WARN root [0x00006bb8] [2021-05-16 14:07:06,415] - ==> [2021-05-16 14:07:06 410] TCPPacketReceiver::processPendingEvents(192.168.2.188:64155): Throwing REASON_GENERAL_NETWORK - WSAECONNRESET
 ERROR root [0x00006bb8] [2021-05-16 14:07:06,416] - ==> [2021-05-16 14:07:06 411] Components::removeComponentByChannel: logger : 2000, Abnormal exit(reason=TCPPacketReceiver::processRecv(): error=10054
)! Channel(timestamp=3459514030505, lastReceivedTime=3459302605863, inactivityExceptionPeriod=599500000)
  WARN root [0x00006bb8] [2021-05-16 14:07:06,474] - TCPPacketReceiver::processPendingEvents(192.168.2.188:64178): Throwing REASON_GENERAL_NETWORK - WSAECONNRESET
 ERROR root [0x00006bb8] [2021-05-16 14:07:06,475] - Components::removeComponentByChannel: dbmgr : 4000, Abnormal exit(reason=TCPPacketReceiver::processRecv(): error=10054
)! Channel(timestamp=3459514671194, lastReceivedTime=3459308981770, inactivityExceptionPeriod=599500000)
  INFO root [0x00006bb8] [2021-05-16 14:07:06,479] - Shutdowner::onShutdownBegin: shutting down(period=0, tickPeriod=1)
  INFO root [0x00006bb8] [2021-05-16 14:07:06,481] - Shutdowner::onShutdown: shutting down
  INFO root [0x00006bb8] [2021-05-16 14:07:06,482] - Spaces::destroySpace: 1.
 S_DBG root [0x00006bb8] [2021-05-16 14:07:06,482] - onDestroy(3)
 S_DBG root [0x00006bb8] [2021-05-16 14:07:06,482] - onDestroy(4)
S_INFO root [0x00006bb8] [2021-05-16 14:07:06,483] - Test::onDetached(): owner=9
S_INFO root [0x00006bb8] [2021-05-16 14:07:06,483] - Test::onDetached(): owner=9
S_INFO root [0x00006bb8] [2021-05-16 14:07:06,483] - TestNoBase::onDetached(): owner=9
 S_DBG root [0x00006bb8] [2021-05-16 14:07:06,483] - Avatar::onDestroy: 9.
 S_ERR root [0x00006bb8] [2021-05-16 14:07:06,488] - Traceback (most recent call last):
  File "D:/TheWorld/Client/TheWorld_Assets/scripts/cell\Avatar.py", line 91, in onDestroy
    Teleport.onDestroy(self)
 S_ERR root [0x00006bb8] [2021-05-16 14:07:06,491] -   File "D:/TheWorld/Client/TheWorld_Assets/scripts/cell\interfaces\Teleport.py", line 51, in onDestroy
    self.getCurrSpaceBase().logoutSpace(self.id)
 S_ERR root [0x00006bb8] [2021-05-16 14:07:06,492] -   File "D:/TheWorld/Client/TheWorld_Assets/scripts/cell\interfaces\GameObject.py", line 55, in getCurrSpaceBase
    return KBEngine.globalData["space_%i" % self.spaceID]
 S_ERR root [0x00006bb8] [2021-05-16 14:07:06,493] - KeyError: 'space_1'
  INFO root [0x00006bb8] [2021-05-16 14:07:06,494] - Shutdowner::onShutdownEnd: shutting down
 DEBUG root [0x00006bb8] [2021-05-16 14:07:06,494] - SpawnPoint::~SpawnPoint(): 3
 DEBUG root [0x00006bb8] [2021-05-16 14:07:06,494] - SpawnPoint::~SpawnPoint(): 4
 DEBUG root [0x00006bb8] [2021-05-16 14:07:06,494] - NPC::~NPC(): 2001
 DEBUG root [0x00006bb8] [2021-05-16 14:07:06,495] - Monster::~Monster(): 2002
 DEBUG root [0x00006bb8] [2021-05-16 14:07:06,495] - Avatar::~Avatar(): 9
 DEBUG root [0x00006bb8] [2021-05-16 14:07:06,495] - Space::~Space(): 2
 DEBUG root [0x00006bb8] [2021-05-16 14:07:06,495] - NavMeshHandle::~NavMeshHandle(): (spaces/xinshoucun) is destroyed!
 DEBUG root [0x00006bb8] [2021-05-16 14:07:06,495] - EntityRef::destroyObjPool(): size 16.
 DEBUG root [0x00006bb8] [2021-05-16 14:07:06,495] - Witness::destroyObjPool(): size 16.
  INFO root [0x00006bb8] [2021-05-16 14:07:06,513] - Script::uninstall(): is successfully!
 DEBUG root [0x00006bb8] [2021-05-16 14:07:06,514] - ThreadPool::destroy(): starting size 2.
