  INFO root [2021-05-16 14:03:45,899] - 
  INFO root [2021-05-16 14:03:45,900] - -----------------------------------------------------------------------------------------


  INFO root [2021-05-16 14:03:45,902] - Resmgr::initialize: KBE_ROOT=D:/TheWorld/KBEngine/kbengine/
  INFO root [2021-05-16 14:03:45,902] - Resmgr::initialize: KBE_RES_PATH=D:/TheWorld/KBEngine/kbengine/kbe/res/;D:/TheWorld/Client/TheWorld_Assets/;D:/TheWorld/Client/TheWorld_Assets/scripts/;D:/TheWorld/Client/TheWorld_Assets/res/
  INFO root [2021-05-16 14:03:45,902] - Resmgr::initialize: KBE_BIN_PATH=D:/TheWorld/KBEngine/kbengine/kbe/bin/server/
  INFO root [2021-05-16 14:03:45,909] - NetworkInterface::initialize(INTERNAL-TCP): bound to all interfaces with default route interface on 192.168.2.188 ( 192.168.2.188:64178 )
  INFO root [2021-05-16 14:03:45,910] - NetworkInterface::initialize(INTERNAL-TCP): address 192.168.2.188:64178, SOMAXCONN=511.
  INFO root [2021-05-16 14:03:45,910] - server-configs:
  INFO root [2021-05-16 14:03:45,910] - 	internalTcpAddr : 192.168.2.188:64178
  INFO root [2021-05-16 14:03:45,910] - 	componentID : 4000
  INFO root [2021-05-16 14:03:45,921] - Components::findLogger: found logger, addr:192.168.2.188:64155
  INFO root [2021-05-16 14:03:45,921] - Components::addComponent: reset orderLog, uid=48140!
  INFO root [2021-05-16 14:03:45,921] - Components::addComponent[logger], uid=48140, componentID=2000, globalorderid=1, grouporderid=1, totalcount=1
  INFO root [2021-05-16 14:03:45,928] - ---- dbmgr Version: 2.5.10. ScriptVersion: 0.1.0. Pythoncore: 3.7.3. Protocol: 11178A1C367680938C8E416B64844ACD. Config: Debug X64. Built: 12:08:35 May 16 2021. AppID: 4000. UID: 48140. PID: 13784 ----
  INFO root [2021-05-16 14:03:45,928] - Server Riccardo: 11th Gen Intel(R) Core(TM) i5-11400F @ 2.60GHz with 16645500kB RAM
  INFO root [2021-05-16 14:03:45,928] - ThreadPool::createThreadPool: creating  threadpool...
  INFO root [2021-05-16 14:03:45,929] - ThreadPool::createThreadPool: successfully(2), newThreadCount=1, normalMaxThreadCount=2, maxThreadCount=8
  INFO root [2021-05-16 14:03:46,103] - Script::install(): is successfully, Python=(3.7.3 (heads/master-dirty:5283b9b85, May 16 2021, 12:07:54) [MSC v.1928 64 bit (AMD64)])!
  INFO root [2021-05-16 14:03:46,103] - Script::install(): KBExtra is successfully!
  INFO root [2021-05-16 14:03:46,589] - Dbmgr::initializeEnd: digest(46596D3750651E9F679C7775CD577E35)
S_INFO root [2021-05-16 14:03:46,589] - onDBMgrReady: bootstrapGroupIndex=0, bootstrapGlobalIndex=0
  INFO root [2021-05-16 14:03:46,589] - TelnetServer server is running on port 32000
  INFO root [2021-05-16 14:03:46,590] - Dbmgr::initInterfacesHandler: interfaces addr(127.0.0.1:30099), accountType:(interfaces), chargeType:(interfaces).
  WARN root [2021-05-16 14:03:47,031] - DBUtil::initialize: db(default) password is not encrypted!
please use password(rsa):
2C3C659EE1F2D774439E3F309AFD6E1FADC0848BE0D839CFD19A9C46DB489510133996AFE3F72BF8A115080840DBC7FC7564002522579014BAF614814D6D7506A61F8EEE2981CEF197C2307F17E9A18293545CF9958B565F5CFA48EADDEDAD60746C997EDCE607DAFC5DCCF0F1382D3823812744E9CFE75FB1E3BCE7CD98D92E
 DEBUG root [2021-05-16 14:03:47,040] - DBInterfaceMysql::attach: connect: localhost:3306 starting...
 DEBUG root [2021-05-16 14:03:47,187] - DBInterfaceMysql::attach: successfully! addr: localhost:3306
  INFO root [2021-05-16 14:03:47,187] - DBUtil::createInterface[0x41c218e418]: interface=default, dbtype=mysql, ip=localhost, port=3306, currdatabase=kbe, username=kbe, connected=yes.

  INFO root [2021-05-16 14:03:47,188] - ThreadPool::createThreadPool: creating  threadpool...
  INFO root [2021-05-16 14:03:47,188] - ThreadPool::createThreadPool: successfully(5), newThreadCount=5, normalMaxThreadCount=5, maxThreadCount=5
 DEBUG root [2021-05-16 14:03:47,188] - DBInterfaceMysql::attach: connect: localhost:3306 starting...
 DEBUG root [2021-05-16 14:03:47,188] - DBInterfaceMysql::attach: connect: localhost:3306 starting...
 DEBUG root [2021-05-16 14:03:47,188] - DBInterfaceMysql::attach: connect: localhost:3306 starting...
 DEBUG root [2021-05-16 14:03:47,188] - DBInterfaceMysql::attach: connect: localhost:3306 starting...
 DEBUG root [2021-05-16 14:03:47,189] - DBInterfaceMysql::attach: connect: localhost:3306 starting...
 DEBUG root [2021-05-16 14:03:47,232] - DBInterfaceMysql::attach: successfully! addr: localhost:3306
 DEBUG root [2021-05-16 14:03:47,232] - DBThread::onStart(): 0x2136be7d480!
 DEBUG root [2021-05-16 14:03:47,243] - DBInterfaceMysql::attach: successfully! addr: localhost:3306
 DEBUG root [2021-05-16 14:03:47,243] - DBThread::onStart(): 0x2136be7dd70!
 DEBUG root [2021-05-16 14:03:47,254] - DBInterfaceMysql::attach: successfully! addr: localhost:3306
 DEBUG root [2021-05-16 14:03:47,255] - DBThread::onStart(): 0x2136be7ea70!
 DEBUG root [2021-05-16 14:03:47,265] - DBInterfaceMysql::attach: successfully! addr: localhost:3306
 DEBUG root [2021-05-16 14:03:47,265] - DBThread::onStart(): 0x2136be7de40!
 DEBUG root [2021-05-16 14:03:47,275] - DBInterfaceMysql::attach: successfully! addr: localhost:3306
 DEBUG root [2021-05-16 14:03:47,275] - DBThread::onStart(): 0x2136be7d890!
  INFO root [2021-05-16 14:03:47,327] - DBInterfaceMysql::query: successfully!
  INFO root [2021-05-16 14:03:47,334] - DBInterfaceMysql::query: successfully!
  INFO root [2021-05-16 14:03:47,334] - DBInterfaceMysql::query: successfully!
  INFO root [2021-05-16 14:03:47,335] - DBInterfaceMysql::query: successfully!
 DEBUG root [2021-05-16 14:03:47,335] - syncToDB(): Avatar->sm_name(varchar(255) not null DEFAULT '').
  INFO root [2021-05-16 14:03:47,338] - DBInterfaceMysql::query: successfully!
  INFO root [2021-05-16 14:03:47,338] - DBInterfaceMysql::query: successfully!
  INFO root [2021-05-16 14:03:47,338] - DBInterfaceMysql::query: successfully!
 DEBUG root [2021-05-16 14:03:47,342] - syncToDB(): Account_characters_values->sm_name(varchar(256) not null DEFAULT '').
 DEBUG root [2021-05-16 14:03:47,355] - syncToDB(): Space->sm_name(varchar(255) not null DEFAULT '').
 DEBUG root [2021-05-16 14:03:47,372] - syncToDB(): Monster->sm_name(varchar(255) not null DEFAULT '').
  INFO root [2021-05-16 14:03:47,375] - DBInterfaceMysql::query: successfully!
  INFO root [2021-05-16 14:03:47,377] - DBInterfaceMysql::query: successfully!
 DEBUG root [2021-05-16 14:03:47,379] - syncToDB(): NPC->sm_name(varchar(255) not null DEFAULT '').
 DEBUG root [2021-05-16 14:03:47,381] - syncToDB(): Gate->sm_name(varchar(255) not null DEFAULT '').
 DEBUG root [2021-05-16 14:03:47,382] - syncToDB(): Spaces->sm_name(varchar(255) not null DEFAULT '').
 DEBUG root [2021-05-16 14:03:47,383] - syncToDB(): SpaceDuplicate->sm_name(varchar(255) not null DEFAULT '').
 DEBUG root [2021-05-16 14:03:47,398] - syncToDB(): SpawnPoint->sm_name(varchar(255) not null DEFAULT '').
  WARN root [2021-05-16 14:03:47,438] - D:\TheWorld\KBEngine\kbengine.master\kbe\src\server\dbmgr\dbmgr.cpp:306: Profile scriptCall took 0.85 seconds
  INFO root [2021-05-16 14:03:47,792] - ---- dbmgr is running ----
 DEBUG root [2021-05-16 14:03:47,793] - Components::process(): Request for the process of identity...
  WARN root [2021-05-16 14:03:53,990] - Forwarding logs to logger[192.168.2.188:64155/0/0/0]...
 ERROR root [2021-05-16 14:07:06,410] - Components::removeComponentByChannel: logger : 2000, Abnormal exit(reason=TCPPacketReceiver::processRecv(): error=10054
)! Channel(timestamp=3459514028939, lastReceivedTime=3459302603563, inactivityExceptionPeriod=599482543)
   OFF root [2021-05-16 14:07:06,413] - The following logs sent to logger failed:
  WARN root [2021-05-16 14:07:06,413] - ==> [2021-05-16 14:07:06 410] TCPPacketReceiver::processPendingEvents(192.168.2.188:64155): Throwing REASON_GENERAL_NETWORK - WSAECONNRESET
 ERROR root [2021-05-16 14:07:06,413] - ==> [2021-05-16 14:07:06 411] Components::removeComponentByChannel: logger : 2000, Abnormal exit(reason=TCPPacketReceiver::processRecv(): error=10054
)! Channel(timestamp=3459514028939, lastReceivedTime=3459302603563, inactivityExceptionPeriod=599482543)
