    INFO    cellapp-1 48140 8001  [2021-05-16 14:03:47 251] - -----------------------------------------------------------------------------------------


    INFO    cellapp-1 48140 8001  [2021-05-16 14:03:47 252] - Resmgr::initialize: KBE_ROOT=D:/TheWorld/KBEngine/kbengine/
    INFO    cellapp-1 48140 8001  [2021-05-16 14:03:47 253] - Resmgr::initialize: KBE_RES_PATH=D:/TheWorld/KBEngine/kbengine/kbe/res/;D:/TheWorld/Client/TheWorld_Assets/;D:/TheWorld/Client/TheWorld_Assets/scripts/;D:/TheWorld/Client/TheWorld_Assets/res/
    INFO    cellapp-1 48140 8001  [2021-05-16 14:03:47 253] - Resmgr::initialize: KBE_BIN_PATH=D:/TheWorld/KBEngine/kbengine/kbe/bin/server/
    INFO    cellapp-1 48140 8001  [2021-05-16 14:03:47 260] - NetworkInterface::initialize(INTERNAL-TCP): bound to all interfaces with default route interface on 192.168.2.188 ( 192.168.2.188:64210 )
    INFO    cellapp-1 48140 8001  [2021-05-16 14:03:47 260] - NetworkInterface::initialize(INTERNAL-TCP): address 192.168.2.188:64210, SOMAXCONN=511.
    INFO    cellapp-1 48140 8001  [2021-05-16 14:03:47 260] - server-configs:
    INFO    cellapp-1 48140 8001  [2021-05-16 14:03:47 260] - 	gameUpdateHertz : 10
    INFO    cellapp-1 48140 8001  [2021-05-16 14:03:47 260] - 	defaultViewRadius : 80
    INFO    cellapp-1 48140 8001  [2021-05-16 14:03:47 260] - 	defaultViewHysteresisArea : 5
    INFO    cellapp-1 48140 8001  [2021-05-16 14:03:47 260] - 	entryScriptFile : kbemain
    INFO    cellapp-1 48140 8001  [2021-05-16 14:03:47 261] - 	internalTcpAddr : 192.168.2.188:64210
    INFO    cellapp-1 48140 8001  [2021-05-16 14:03:47 261] - 	componentID : 8001
    INFO    cellapp-1 48140 8001  [2021-05-16 14:03:47 346] - Components::findLogger: found logger, addr:192.168.2.188:64155
    INFO    cellapp-1 48140 8001  [2021-05-16 14:03:47 347] - Components::addComponent: reset orderLog, uid=48140!
    INFO    cellapp-1 48140 8001  [2021-05-16 14:03:47 347] - Components::addComponent[logger], uid=48140, componentID=2000, globalorderid=1, grouporderid=1, totalcount=1
    INFO    cellapp-1 48140 8001  [2021-05-16 14:03:47 353] - ---- cellapp Version: 2.5.10. ScriptVersion: 0.1.0. Pythoncore: 3.7.3. Protocol: C9FCABE153AC3D64A8F240810ADA666D. Config: Debug X64. Built: 12:09:28 May 16 2021. AppID: 8001. UID: 48140. PID: 16560 ----
    INFO    cellapp-1 48140 8001  [2021-05-16 14:03:47 353] - Server Riccardo: 11th Gen Intel(R) Core(TM) i5-11400F @ 2.60GHz with 16645500kB RAM
    INFO    cellapp-1 48140 8001  [2021-05-16 14:03:47 353] - ThreadPool::createThreadPool: creating  threadpool...
    INFO    cellapp-1 48140 8001  [2021-05-16 14:03:47 353] - ThreadPool::createThreadPool: successfully(2), newThreadCount=1, normalMaxThreadCount=2, maxThreadCount=8
    INFO    cellapp-1 48140 8001  [2021-05-16 14:03:47 545] - Script::install(): is successfully, Python=(3.7.3 (heads/master-dirty:5283b9b85, May 16 2021, 12:07:54) [MSC v.1928 64 bit (AMD64)])!
    INFO    cellapp-1 48140 8001  [2021-05-16 14:03:47 545] - Script::install(): KBExtra is successfully!
   DEBUG    cellapp-1 48140 8001  [2021-05-16 14:03:47 797] - loaded component-script:Test(3).
   DEBUG    cellapp-1 48140 8001  [2021-05-16 14:03:47 798] - loaded component-script:TestNoBase(4).
   DEBUG    cellapp-1 48140 8001  [2021-05-16 14:03:47 800] - loaded entity-script:Avatar(2).
   DEBUG    cellapp-1 48140 8001  [2021-05-16 14:03:47 801] - loaded entity-script:Monster(5).
   DEBUG    cellapp-1 48140 8001  [2021-05-16 14:03:47 801] - loaded entity-script:NPC(6).
   DEBUG    cellapp-1 48140 8001  [2021-05-16 14:03:47 801] - loaded entity-script:Gate(7).
   DEBUG    cellapp-1 48140 8001  [2021-05-16 14:03:47 802] - loaded entity-script:Space(9).
   DEBUG    cellapp-1 48140 8001  [2021-05-16 14:03:47 803] - loaded entity-script:SpaceDuplicate(10).
   DEBUG    cellapp-1 48140 8001  [2021-05-16 14:03:47 803] - loaded entity-script:SpawnPoint(11).
    INFO    cellapp-1 48140 8001  [2021-05-16 14:03:47 803] - TelnetServer server is running on port 50000
    INFO    cellapp-1 48140 8001  [2021-05-16 14:03:48 168] - ---- cellapp is running ----
   DEBUG    cellapp-1 48140 8001  [2021-05-16 14:03:48 168] - Components::process(): Request for the process of identity...
 WARNING    cellapp-1 48140 8001  [2021-05-16 14:03:48 660] - BundleBroadcast::BundleBroadcast: Cannot bind to port 20620, errorno=10048
 WARNING    cellapp-1 48140 8001  [2021-05-16 14:03:54 869] - EntityApp::checkTickPeriod: tick took 6701% (6.70 seconds)!
    INFO    cellapp-1 48140 8001  [2021-05-16 14:03:55 970] - Components::findComponents: find dbmgr(1)...
 WARNING    cellapp-1 48140 8001  [2021-05-16 14:03:56 450] - BundleBroadcast::BundleBroadcast: Cannot bind to port 20313, errorno=10048
 WARNING    cellapp-1 48140 8001  [2021-05-16 14:03:56 450] - EntityApp::checkTickPeriod: tick took 573% (0.57 seconds)!
    INFO    cellapp-1 48140 8001  [2021-05-16 14:03:57 456] - Components::findComponents: find dbmgr(2)...
    INFO    cellapp-1 48140 8001  [2021-05-16 14:03:57 520] - Components::findComponents: found dbmgr, addr:192.168.2.188:64178
    INFO    cellapp-1 48140 8001  [2021-05-16 14:03:57 520] - Components::addComponent: reset orderLog, uid=48140!
    INFO    cellapp-1 48140 8001  [2021-05-16 14:03:57 520] - Components::addComponent[dbmgr], uid=48140, componentID=4000, globalorderid=1, grouporderid=1, totalcount=1
    INFO    cellapp-1 48140 8001  [2021-05-16 14:03:57 525] - Components::findComponents: found dbmgr, addr:192.168.2.188:64178
 WARNING    cellapp-1 48140 8001  [2021-05-16 14:03:58 530] - EntityApp::checkTickPeriod: tick took 1150% (1.15 seconds)!
    INFO    cellapp-1 48140 8001  [2021-05-16 14:03:59 557] - Components::findComponents: find cellappmgr(1)...
    INFO    cellapp-1 48140 8001  [2021-05-16 14:03:59 593] - Components::findComponents: found cellappmgr, addr:192.168.2.188:64194
    INFO    cellapp-1 48140 8001  [2021-05-16 14:03:59 593] - Components::addComponent[cellappmgr], uid=48140, componentID=6000, globalorderid=2, grouporderid=1, totalcount=1
    INFO    cellapp-1 48140 8001  [2021-05-16 14:03:59 593] - Components::findComponents: found cellappmgr, addr:192.168.2.188:64194
 WARNING    cellapp-1 48140 8001  [2021-05-16 14:04:00 595] - EntityApp::checkTickPeriod: tick took 1117% (1.12 seconds)!
    INFO    cellapp-1 48140 8001  [2021-05-16 14:04:01 668] - Components::findComponents: find baseappmgr(1)...
    INFO    cellapp-1 48140 8001  [2021-05-16 14:04:01 764] - Components::findComponents: found baseappmgr, addr:192.168.2.188:64185
    INFO    cellapp-1 48140 8001  [2021-05-16 14:04:01 764] - Components::addComponent[baseappmgr], uid=48140, componentID=5000, globalorderid=3, grouporderid=1, totalcount=1
    INFO    cellapp-1 48140 8001  [2021-05-16 14:04:01 764] - Components::findComponents: found baseappmgr, addr:192.168.2.188:64185
 WARNING    cellapp-1 48140 8001  [2021-05-16 14:04:02 771] - EntityApp::checkTickPeriod: tick took 1196% (1.20 seconds)!
    INFO    cellapp-1 48140 8001  [2021-05-16 14:04:03 877] - Components::findComponents: register self to dbmgr...
    INFO    cellapp-1 48140 8001  [2021-05-16 14:04:03 893] - Components::findComponents: register self to cellappmgr...
    INFO    cellapp-1 48140 8001  [2021-05-16 14:04:03 908] - ServerApp::onRegisterNewApp: uid:48140, username:Riccardo, componentType:baseapp, componentID:7001, globalorderID=-1, grouporderID=-1, intaddr:192.168.2.188, intport:64202, extaddr:192.168.2.188, extport:20015,  from 192.168.2.188:64292/0/0/0.
    INFO    cellapp-1 48140 8001  [2021-05-16 14:04:03 908] - Components::addComponent[baseapp], uid=48140, componentID=7001, globalorderid=4, grouporderid=1, totalcount=1
    INFO    cellapp-1 48140 8001  [2021-05-16 14:04:03 908] - ServerApp::onRegisterNewApp: uid:48140, username:Riccardo, componentType:baseapp, componentID:7001, globalorderID=-1, grouporderID=-1, intaddr:192.168.2.188, intport:64202, extaddr:192.168.2.188, extport:20015,  from 192.168.2.188:64292/0/0/0.
    INFO    cellapp-1 48140 8001  [2021-05-16 14:04:03 908] - Components::findComponents: register self to baseappmgr...
    INFO    cellapp-1 48140 8001  [2021-05-16 14:04:03 955] - Components::process(): Found all the components!
    INFO    cellapp-1 48140 8001  [2021-05-16 14:04:06 906] - EntityApp::onDbmgrInitCompleted: entityID alloc(2001-4001), startGlobalOrder=5, startGroupOrder=1, digest=46596D3750651E9F679C7775CD577E35.
    INFO    cellapp01 48140 8001  [2021-05-16 14:04:06 906] - IDClient::onAddRange: number of ids increased from 2001 to 4001.
 WARNING    cellapp01 48140 8001  [2021-05-16 14:04:07 387] - BundleBroadcast::BundleBroadcast: Cannot bind to port 20261, errorno=10048
 WARNING    cellapp01 48140 8001  [2021-05-16 14:04:07 885] - BundleBroadcast::BundleBroadcast: Cannot bind to port 20894, errorno=10048
 WARNING    cellapp01 48140 8001  [2021-05-16 14:04:09 208] - D:\TheWorld\KBEngine\kbengine.master\kbe\src\lib\network\channel.cpp:1023: Profile processRecvMessages took 2.30 seconds
   S_DBG    cellapp01 48140 8001  [2021-05-16 14:04:09 208] - onGlobalData: Spaces
 WARNING    cellapp01 48140 8001  [2021-05-16 14:04:09 208] - EntityApp::checkTickPeriod: tick took 2333% (2.33 seconds)!
   S_DBG    cellapp01 48140 8001  [2021-05-16 14:04:09 255] - onInit::isReload:0
   DEBUG    cellapp01 48140 8001  [2021-05-16 14:04:09 271] - InitProgressHandler::~InitProgressHandler()
   DEBUG    cellapp01 48140 8001  [2021-05-16 14:04:11 960] - Spaces::createNewSpace: new space(Space) 1.
    INFO    cellapp01 48140 8001  [2021-05-16 14:04:11 960] - EntityApp::createEntity: new Space 2
    INFO    cellapp01 48140 8001  [2021-05-16 14:04:11 964] - KBEngine::addSpaceGeometryMapping: spaceID=1, respath=spaces/xinshoucun, shouldLoadOnServer=true!
   S_DBG    cellapp01 48140 8001  [2021-05-16 14:04:11 964] - onSpaceData: spaceID=1, key=_mapping, value=spaces/xinshoucun.
   S_DBG    cellapp01 48140 8001  [2021-05-16 14:04:11 964] - created space[1] entityID = 2, res = spaces/xinshoucun.
    INFO    cellapp01 48140 8001  [2021-05-16 14:04:11 974] - KBEngine::onLoadedSpaceGeometryMapping: spaceID=1, respath=spaces/xinshoucun!
   S_DBG    cellapp01 48140 8001  [2021-05-16 14:04:11 974] - onSpaceGeometryLoaded: spaceID=1, mapping=spaces/xinshoucun.
   S_DBG    cellapp01 48140 8001  [2021-05-16 14:04:11 975] - onAllSpaceGeometryLoaded: spaceID=1, isBootstrap=1, mapping=spaces/xinshoucun.
    INFO    cellapp01 48140 8001  [2021-05-16 14:04:12 054] - EntityApp::createEntity: new SpawnPoint 3
   DEBUG    cellapp01 48140 8001  [2021-05-16 14:04:11 967] - NavMeshHandle::create: (D:/TheWorld/Client/TheWorld_Assets/res/spaces/xinshoucun/undulating1.navmesh), layer=0
   DEBUG    cellapp01 48140 8001  [2021-05-16 14:04:11 967] - 	==> tiles loaded: 1
   DEBUG    cellapp01 48140 8001  [2021-05-16 14:04:11 967] - 	==> BVTree nodes: 432
   DEBUG    cellapp01 48140 8001  [2021-05-16 14:04:11 967] - 	==> 216 polygons (374 vertices)
   DEBUG    cellapp01 48140 8001  [2021-05-16 14:04:11 967] - 	==> 3212 triangles (1933 vertices)
   DEBUG    cellapp01 48140 8001  [2021-05-16 14:04:11 968] - 	==> 0.06 MB of data (not including pointers)
    INFO    cellapp01 48140 8001  [2021-05-16 14:04:12 162] - EntityApp::createEntity: new SpawnPoint 4
    INFO    cellapp01 48140 8001  [2021-05-16 14:04:12 971] - EntityApp::createEntity: new NPC 2001
    INFO    cellapp01 48140 8001  [2021-05-16 14:04:13 082] - EntityApp::createEntity: new Monster 2002
   S_DBG    cellapp01 48140 8001  [2021-05-16 14:04:13 084] - Monster::__init__: self.layer = 0
  S_INFO    cellapp01 48140 8001  [2021-05-16 14:04:13 085] - Monster::addTerritory: 2002 range=15, id=1.
    INFO    cellapp01 48140 8001  [2021-05-16 14:04:17 917] - EntityApp::createEntity: new Avatar 6
  S_INFO    cellapp01 48140 8001  [2021-05-16 14:04:17 918] - Test::onAttached(): owner=6
  S_INFO    cellapp01 48140 8001  [2021-05-16 14:04:17 918] - Test::onAttached(): owner=6
  S_INFO    cellapp01 48140 8001  [2021-05-16 14:04:17 918] - TestNoBase::onAttached(): owner=6
  S_INFO    cellapp01 48140 8001  [2021-05-16 14:04:17 920] - Monster::onWitnessed: 2002 isWitnessed=1.
   S_DBG    cellapp01 48140 8001  [2021-05-16 14:04:17 920] - NPC::onWitnessed: 2001 isWitnessed=1.
   S_DBG    cellapp01 48140 8001  [2021-05-16 14:04:17 920] - Avatar::onGetWitness: 6.
   S_DBG    cellapp01 48140 8001  [2021-05-16 14:04:17 920] - Space::onEnter space[1] entityID = 6.
   S_DBG    cellapp01 48140 8001  [2021-05-16 14:04:17 924] - +++++++++++++++++++++++hello 6 33321
   S_DBG    cellapp01 48140 8001  [2021-05-16 14:04:17 924] - +++++++++++++++++++++++hello 6 33321
   S_DBG    cellapp01 48140 8001  [2021-05-16 14:04:17 925] - +++++++++++++++++++++++hello 6 33321
   S_DBG    cellapp01 48140 8001  [2021-05-16 14:04:17 926] - +++++++++++++++++++++++hello 6 33321
   S_DBG    cellapp01 48140 8001  [2021-05-16 14:04:17 929] - +++++++++++++++++++++++hello 6 33321
   S_DBG    cellapp01 48140 8001  [2021-05-16 14:04:17 929] - SkillBox::requestPull: 6 skills=7
  S_INFO    cellapp01 48140 8001  [2021-05-16 14:04:39 257] - Test::onDetached(): owner=6
  S_INFO    cellapp01 48140 8001  [2021-05-16 14:04:39 257] - Test::onDetached(): owner=6
  S_INFO    cellapp01 48140 8001  [2021-05-16 14:04:39 257] - TestNoBase::onDetached(): owner=6
   S_DBG    cellapp01 48140 8001  [2021-05-16 14:04:39 257] - Avatar::onDestroy: 6.
   S_DBG    cellapp01 48140 8001  [2021-05-16 14:04:39 258] - Space::onLeave space[1] entityID = 6.
   DEBUG    cellapp01 48140 8001  [2021-05-16 14:04:39 272] - Avatar::~Avatar(): 6
   S_DBG    cellapp01 48140 8001  [2021-05-16 14:04:54 267] - NPC::onWitnessed: 2001 isWitnessed=0.
  S_INFO    cellapp01 48140 8001  [2021-05-16 14:04:54 267] - Monster::onWitnessed: 2002 isWitnessed=0.
   DEBUG    cellapp01 48140 8001  [2021-05-16 14:04:54 267] - WitnessedTimeoutHandler::handleTimeout: witnesseds is empty, timer is canceled!
    INFO    cellapp01 48140 8001  [2021-05-16 14:06:33 715] - EntityApp::createEntity: new Avatar 9
  S_INFO    cellapp01 48140 8001  [2021-05-16 14:06:33 716] - Test::onAttached(): owner=9
  S_INFO    cellapp01 48140 8001  [2021-05-16 14:06:33 717] - Test::onAttached(): owner=9
  S_INFO    cellapp01 48140 8001  [2021-05-16 14:06:33 717] - TestNoBase::onAttached(): owner=9
   S_DBG    cellapp01 48140 8001  [2021-05-16 14:06:33 717] - Monster::onEnterTrap: 2002 entityEntering=(Avatar)9, range_xz=15.0, range_y=0.0, controllerID=1, userarg=0
   S_DBG    cellapp01 48140 8001  [2021-05-16 14:06:33 717] - Monster::addEnemy: 2002 entity=9, enmity=0
  S_INFO    cellapp01 48140 8001  [2021-05-16 14:06:33 717] - Monster:onStateChanged_: 2002 oldstate=0 to newstate=3, forbids=[0, 0, 0, 0, 0, 1, 1, 0, 0, 0, 0], subState=0.
  S_INFO    cellapp01 48140 8001  [2021-05-16 14:06:33 718] - Monster::onWitnessed: 2002 isWitnessed=1.
   S_DBG    cellapp01 48140 8001  [2021-05-16 14:06:33 718] - NPC::onWitnessed: 2001 isWitnessed=1.
   S_DBG    cellapp01 48140 8001  [2021-05-16 14:06:33 718] - Avatar::onGetWitness: 9.
   S_DBG    cellapp01 48140 8001  [2021-05-16 14:06:33 718] - Space::onEnter space[1] entityID = 9.
   S_DBG    cellapp01 48140 8001  [2021-05-16 14:06:33 718] - +++++++++++++++++++++++hello 9 33321
   S_DBG    cellapp01 48140 8001  [2021-05-16 14:06:33 718] - +++++++++++++++++++++++hello 9 33321
   S_DBG    cellapp01 48140 8001  [2021-05-16 14:06:33 719] - +++++++++++++++++++++++hello 9 33321
   S_DBG    cellapp01 48140 8001  [2021-05-16 14:06:33 719] - +++++++++++++++++++++++hello 9 33321
   S_DBG    cellapp01 48140 8001  [2021-05-16 14:06:33 721] - +++++++++++++++++++++++hello 9 33321
   S_DBG    cellapp01 48140 8001  [2021-05-16 14:06:33 721] - SkillBox::requestPull: 9 skills=7
  S_INFO    cellapp01 48140 8001  [2021-05-16 14:06:33 777] - Monster::delTerritory: 2002
  S_INFO    cellapp01 48140 8001  [2021-05-16 14:06:40 680] - Monster::checkEnemyDist: 2002 id=9, dist=35.454082.
   S_DBG    cellapp01 48140 8001  [2021-05-16 14:06:40 680] - Monster::removeEnemy: 2002 entity=9
  S_INFO    cellapp01 48140 8001  [2021-05-16 14:06:40 681] - Monster::onLoseTarget: 2002 target=9, enemyLogSize=0.
  S_INFO    cellapp01 48140 8001  [2021-05-16 14:06:40 681] - Monster::onEnemyEmpty: 2002
  S_INFO    cellapp01 48140 8001  [2021-05-16 14:06:40 681] - Monster:onStateChanged_: 2002 oldstate=3 to newstate=0, forbids=[0, 0, 0, 0, 0, 0, 0, 0, 0, 0, 0], subState=0.
  S_INFO    cellapp01 48140 8001  [2021-05-16 14:06:40 681] - Monster::backSpawnPos: 2002, pos=Vector3(790.024292, 210.950394, 790.272522), ref=false, speed=6.500000.
  S_INFO    cellapp01 48140 8001  [2021-05-16 14:06:41 676] - Monster::addTerritory: 2002 range=15, id=12.
